<?xml version="1.0" encoding="UTF-8"?>
<!-- Generated by org.testng.reporters.JUnitReportReporter -->
<testsuite hostname="DESKTOP-E5DSOUD" failures="0" tests="1" name="testNGpack.java" time="10.997" errors="0" timestamp="2023-01-21T13:37:39 IST" skipped="0">
  <testcase classname="testNGpack.java" name="Java" time="10.997"/>
  <system-out/>
</testsuite> <!-- testNGpack.java -->
