<?xml version="1.0" encoding="UTF-8"?>
<!-- Generated by org.testng.reporters.JUnitReportReporter -->
<testsuite hostname="DESKTOP-E5DSOUD" failures="0" tests="3" name="TestNG1.Demo" time="0.033" errors="0" timestamp="2023-01-24T12:01:27 IST" skipped="0">
  <testcase classname="TestNG1.Demo" name="demo" time="0.012"/>
  <system-out>
    <![CDATA[this is demo method!!]]>
  </system-out>
  <testcase classname="TestNG1.Demo" name="demo1" time="0.007"/>
  <system-out>
    <![CDATA[This is demo1 method!!!]]>
  </system-out>
  <testcase classname="TestNG1.Demo" name="demo2" time="0.014"/>
  <system-out>
    <![CDATA[This is demo2 method!!!]]>
  </system-out>
</testsuite> <!-- TestNG1.Demo -->
