<?xml version="1.0" encoding="UTF-8"?>
<!-- Generated by org.testng.reporters.JUnitReportReporter -->
<testsuite hostname="DESKTOP-E5DSOUD" failures="0" tests="1" name="testNGpack.Demo" time="0.002" errors="0" timestamp="2023-01-21T13:37:39 IST" skipped="0">
  <testcase classname="testNGpack.Demo" name="demo" time="0.002"/>
  <system-out>
    <![CDATA[THis is method of demo]]>
  </system-out>
</testsuite> <!-- testNGpack.Demo -->
