<?xml version="1.0" encoding="UTF-8"?>
<!-- Generated by org.testng.reporters.JUnitReportReporter -->
<testsuite hostname="DESKTOP-E5DSOUD" failures="0" tests="1" name="testNGpack.Flag6" time="0.011" errors="0" timestamp="2023-01-21T14:52:50 IST" skipped="0">
  <testcase classname="testNGpack.Flag6" name="ft2" time="0.011"/>
  <system-out>
    <![CDATA[integration Testing]]>
  </system-out>
</testsuite> <!-- testNGpack.Flag6 -->
