<?xml version="1.0" encoding="UTF-8"?>
<!-- Generated by org.testng.reporters.JUnitReportReporter -->
<testsuite hostname="DESKTOP-E5DSOUD" failures="0" tests="7" name="testNGpack.PriorityClass" time="0.027" errors="0" timestamp="2023-01-21T14:21:24 IST" skipped="0">
  <testcase classname="testNGpack.PriorityClass" name="i" time="0.010"/>
  <system-out>
    <![CDATA[i]]>
  </system-out>
  <testcase classname="testNGpack.PriorityClass" name="a" time="0.003"/>
  <system-out>
    <![CDATA[a]]>
  </system-out>
  <testcase classname="testNGpack.PriorityClass" name="b" time="0.002"/>
  <system-out>
    <![CDATA[b]]>
  </system-out>
  <testcase classname="testNGpack.PriorityClass" name="g" time="0.003"/>
  <system-out>
    <![CDATA[g]]>
  </system-out>
  <testcase classname="testNGpack.PriorityClass" name="k" time="0.004"/>
  <system-out>
    <![CDATA[k]]>
  </system-out>
  <testcase classname="testNGpack.PriorityClass" name="h" time="0.002"/>
  <system-out>
    <![CDATA[h]]>
  </system-out>
  <testcase classname="testNGpack.PriorityClass" name="z" time="0.003"/>
  <system-out>
    <![CDATA[z]]>
  </system-out>
</testsuite> <!-- testNGpack.PriorityClass -->
