<?xml version="1.0" encoding="UTF-8"?>
<!-- Generated by org.testng.reporters.JUnitReportReporter -->
<testsuite hostname="DESKTOP-E5DSOUD" failures="0" tests="1" name="testNGpack.Automation" time="8.213" errors="0" timestamp="2023-01-21T13:39:03 IST" skipped="0">
  <testcase classname="testNGpack.Automation" name="automation" time="8.213"/>
  <system-out/>
</testsuite> <!-- testNGpack.Automation -->
