<?xml version="1.0" encoding="UTF-8"?>
<!-- Generated by org.testng.reporters.JUnitReportReporter -->
<testsuite hostname="DESKTOP-E5DSOUD" failures="0" tests="3" name="TestNG1.Sumo" time="0.042" errors="0" timestamp="2023-01-24T12:08:09 IST" skipped="0">
  <testcase classname="TestNG1.Sumo" name="sumo1" time="0.005"/>
  <system-out>
    <![CDATA[this is sumo1 method!!]]>
  </system-out>
  <testcase classname="TestNG1.Sumo" name="sumo2" time="0.003"/>
  <system-out>
    <![CDATA[this is sumo2 method!!]]>
  </system-out>
  <testcase classname="TestNG1.Sumo" name="sumo" time="0.034"/>
  <system-out>
    <![CDATA[this is sumo method!!]]>
  </system-out>
</testsuite> <!-- TestNG1.Sumo -->
