<?xml version="1.0" encoding="UTF-8"?>
<!-- Generated by org.testng.reporters.JUnitReportReporter -->
<testsuite hostname="DESKTOP-E5DSOUD" failures="0" tests="3" name="TestNG1.Remo" time="0.019" errors="0" timestamp="2023-01-24T12:04:41 IST" skipped="0">
  <testcase classname="TestNG1.Remo" name="remo" time="0.013"/>
  <system-out>
    <![CDATA[this remo method!!]]>
  </system-out>
  <testcase classname="TestNG1.Remo" name="remo1" time="0.005"/>
  <system-out>
    <![CDATA[this remo1 method!!]]>
  </system-out>
  <testcase classname="TestNG1.Remo" name="remo2" time="0.001"/>
  <system-out>
    <![CDATA[this remo2 method!!]]>
  </system-out>
</testsuite> <!-- TestNG1.Remo -->
