<?xml version="1.0" encoding="UTF-8"?>
<!-- Generated by org.testng.reporters.JUnitReportReporter -->
<testsuite hostname="DESKTOP-E5DSOUD" failures="0" tests="9" name="TestNG2.PriorityClass" time="0.040" errors="0" timestamp="2023-01-24T12:18:32 IST" skipped="0">
  <testcase classname="TestNG2.PriorityClass" name="b" time="0.002"/>
  <system-out>
    <![CDATA[b]]>
  </system-out>
  <testcase classname="TestNG2.PriorityClass" name="a" time="0.021"/>
  <system-out>
    <![CDATA[a]]>
  </system-out>
  <testcase classname="TestNG2.PriorityClass" name="k" time="0.003"/>
  <system-out>
    <![CDATA[k]]>
  </system-out>
  <testcase classname="TestNG2.PriorityClass" name="i" time="0.001"/>
  <system-out>
    <![CDATA[i]]>
  </system-out>
  <testcase classname="TestNG2.PriorityClass" name="g" time="0.003"/>
  <system-out>
    <![CDATA[g]]>
  </system-out>
  <testcase classname="TestNG2.PriorityClass" name="h" time="0.003"/>
  <system-out>
    <![CDATA[h]]>
  </system-out>
  <testcase classname="TestNG2.PriorityClass" name="p" time="0.004"/>
  <system-out>
    <![CDATA[p]]>
  </system-out>
  <testcase classname="TestNG2.PriorityClass" name="z" time="0.002"/>
  <system-out>
    <![CDATA[z]]>
  </system-out>
  <testcase classname="TestNG2.PriorityClass" name="m" time="0.001"/>
  <system-out>
    <![CDATA[m]]>
  </system-out>
</testsuite> <!-- TestNG2.PriorityClass -->
